0 info it worked if it ends with ok
1 verbose cli [ 'C:\\Program Files\\nodejs\\node.exe',
1 verbose cli   'C:\\Program Files\\nodejs\\node_modules\\npm\\bin\\npm-cli.js',
1 verbose cli   'run',
1 verbose cli   'build' ]
2 info using npm@3.10.10
3 info using node@v6.9.4
4 verbose run-script [ 'prebuild', 'build', 'postbuild' ]
5 info lifecycle helloWorldComponent@1.0.0~prebuild: helloWorldComponent@1.0.0
6 silly lifecycle helloWorldComponent@1.0.0~prebuild: no script for prebuild, continuing
7 info lifecycle helloWorldComponent@1.0.0~build: helloWorldComponent@1.0.0
8 verbose lifecycle helloWorldComponent@1.0.0~build: unsafe-perm in lifecycle true
9 verbose lifecycle helloWorldComponent@1.0.0~build: PATH: C:\Program Files\nodejs\node_modules\npm\bin\node-gyp-bin;D:\NPM-PUBLISH\helloWorldComponent\node_modules\.bin;D:\NPM-PUBLISH\helloWorldComponent\node_modules\.bin;C:\Users\IMPACTO\AppData\Local\Yarn\config\link\node_modules\.bin;D:\NPM-PUBLISH\helloWorldComponent\node_modules\.bin;C:\Users\IMPACTO\AppData\Local\Yarn\config\link\node_modules\.bin;C:\Program Files (x86)\Yarn\bin\node-gyp-bin;C:\ProgramData\Oracle\Java\javapath;C:\Windows\system32;C:\Windows;C:\Windows\System32\Wbem;C:\Windows\System32\WindowsPowerShell\v1.0\;C:\Program Files\nodejs\;C:\Program Files (x86)\Windows Kits\8.1\Windows Performance Toolkit\;C:\Program Files\Git\cmd;C:\Users\IMPACTO\AppData\Local\Android\sdk\platform-tools;C:\Program Files (x86)\Yarn\bin;C:\Program Files (x86)\Brackets\command;C:\Users\IMPACTO\.windows-build-tools\python27\;C:\Users\IMPACTO\AppData\Local\Microsoft\WindowsApps;C:\Users\IMPACTO\AppData\Roaming\npm;C:\Users\IMPACTO\AppData\Local\Android\sdk\platform-tools;C:\Users\IMPACTO\AppData\Local\Yarn\bin;C:\Users\IMPACTO\.windows-build-tools\python27\
10 verbose lifecycle helloWorldComponent@1.0.0~build: CWD: D:\NPM-PUBLISH\helloWorldComponent
11 silly lifecycle helloWorldComponent@1.0.0~build: Args: [ '/d /s /c', 'babel helloworld.js -o index.js' ]
12 silly lifecycle helloWorldComponent@1.0.0~build: Returned: code: 2  signal: null
13 info lifecycle helloWorldComponent@1.0.0~build: Failed to exec build script
14 verbose stack Error: helloWorldComponent@1.0.0 build: `babel helloworld.js -o index.js`
14 verbose stack Exit status 2
14 verbose stack     at EventEmitter.<anonymous> (C:\Program Files\nodejs\node_modules\npm\lib\utils\lifecycle.js:255:16)
14 verbose stack     at emitTwo (events.js:106:13)
14 verbose stack     at EventEmitter.emit (events.js:191:7)
14 verbose stack     at ChildProcess.<anonymous> (C:\Program Files\nodejs\node_modules\npm\lib\utils\spawn.js:40:14)
14 verbose stack     at emitTwo (events.js:106:13)
14 verbose stack     at ChildProcess.emit (events.js:191:7)
14 verbose stack     at maybeClose (internal/child_process.js:877:16)
14 verbose stack     at Process.ChildProcess._handle.onexit (internal/child_process.js:226:5)
15 verbose pkgid helloWorldComponent@1.0.0
16 verbose cwd D:\NPM-PUBLISH\helloWorldComponent
17 error Windows_NT 10.0.14393
18 error argv "C:\\Program Files\\nodejs\\node.exe" "C:\\Program Files\\nodejs\\node_modules\\npm\\bin\\npm-cli.js" "run" "build"
19 error node v6.9.4
20 error npm  v3.10.10
21 error code ELIFECYCLE
22 error helloWorldComponent@1.0.0 build: `babel helloworld.js -o index.js`
22 error Exit status 2
23 error Failed at the helloWorldComponent@1.0.0 build script 'babel helloworld.js -o index.js'.
23 error Make sure you have the latest version of node.js and npm installed.
23 error If you do, this is most likely a problem with the helloWorldComponent package,
23 error not with npm itself.
23 error Tell the author that this fails on your system:
23 error     babel helloworld.js -o index.js
23 error You can get information on how to open an issue for this project with:
23 error     npm bugs helloWorldComponent
23 error Or if that isn't available, you can get their info via:
23 error     npm owner ls helloWorldComponent
23 error There is likely additional logging output above.
24 verbose exit [ 1, true ]
